This is pdfTeX, Version 3.141592653-2.6-1.40.23 (TeX Live 2021/W32TeX) (preloaded format=pdflatex 2022.2.14)  20 NOV 2024 21:21
entering extended mode
 restricted \write18 enabled.
 file:line:error style messages enabled.
 %&-line parsing enabled.
**c:/Users/franc/appunti_complementi_am2/capitoli/integrali_curvilinei_potenziali.tex
(c:/Users/franc/appunti_complementi_am2/capitoli/integrali_curvilinei_potenziali.tex
LaTeX2e <2021-11-15> patch level 1
L3 programming layer <2022-02-05> (c:/texlive/2021/texmf-dist/tex/latex/subfiles/subfiles.cls
Document Class: subfiles 2020/11/14 v2.2 Multi-file projects (class)
Preamble taken from file `main.tex'
(c:/texlive/2021/texmf-dist/tex/latex/import/import.sty
Package: import 2020/04/01  v 6.2
)

! LaTeX Error: File `main.tex' not found.

Type X to quit or <RETURN> to proceed,
or enter new name. (Default extension: tex)

Enter file name: 
c:/texlive/2021/texmf-dist/tex/latex/subfiles/subfiles.cls:45: Emergency stop.
<read *> 
         
l.45 \input{\preamble@file}
                           ^^M
*** (cannot \read from terminal in nonstop modes)

 
Here is how much of TeX's memory you used:
 82 strings out of 478278
 2071 string characters out of 39600546
 290556 words of memory out of 5000000
 18376 multiletter control sequences out of 15000+600000
 469259 words of font info for 28 fonts, out of 147483647 for 9000
 1141 hyphenation exceptions out of 8191
 40i,0n,48p,233b,18s stack positions out of 30000i,500n,10000p,200000b,80000s
c:/texlive/2021/texmf-dist/tex/latex/subfiles/subfiles.cls:45:  ==> Fatal error occurred, no output PDF file produced!
